<?xml version="1.0" encoding="UTF-8"?>
<testsuite xmlns:xsi="http://www.w3.org/2001/XMLSchema-instance" xsi:noNamespaceSchemaLocation="https://maven.apache.org/surefire/maven-surefire-plugin/xsd/surefire-test-report-3.0.xsd" version="3.0" name="tek.dragons.cucumber.runner.TestRunner" time="52.733" tests="7" errors="0" skipped="0" failures="0">
  <properties>
[...]
</properties>
  <testcase name="Verify User can update Profile Information" classname="Retail Account Page" time="8.071">
    <system-out><![CDATA[
@smokez
Scenario: Verify User can update Profile Information                     # features/RetailAccount.feature:13
 INFO [main] (HomeSteps.java:24)- User is on homepage
  Given User is on retail website                                        # tek.dragons.cucumber.steps.HomeSteps.userIsOnRetailWebsite()
 INFO [main] (SignInStepDefinitions.java:23)- User clicked on Sign In option
  When User click on Sign in option                                      # tek.dragons.cucumber.steps.SignInStepDefinitions.userClickOnSignInOption()
 INFO [main] (SignInStepDefinitions.java:30)- User entered email and password field
  And User enter email 'hello1234@tekschool.us' and password 'Test1234$' # tek.dragons.cucumber.steps.SignInStepDefinitions.userEnterEmailAndPassword(java.lang.String,java.lang.String)
 INFO [main] (SignInStepDefinitions.java:37)- User clicked on login button
  And User click on login button                                         # tek.dragons.cucumber.steps.SignInStepDefinitions.userClickOnLoginButton()
 INFO [main] (SignInStepDefinitions.java:43)- User is signed into account
  And User should be logged in into Account                              # tek.dragons.cucumber.steps.SignInStepDefinitions.userShouldBeLoggedInIntoAccount()
 INFO [main] (RetailAccountSteps.java:25)- User clicked on account option
  When User click on Account option                                      # tek.dragons.cucumber.steps.RetailAccountSteps.userClickOnAccountOption()
 INFO [main] (RetailAccountSteps.java:34)- User updated name and phone values
  And User update Name â€˜NameValueâ€™ and Phone â€˜PhoneValueâ€™                # tek.dragons.cucumber.steps.RetailAccountSteps.userUpdateNameNameValueAndPhonePhoneValue()
 INFO [main] (RetailAccountSteps.java:40)- User clicked on update button
  And User click on Update button                                        # tek.dragons.cucumber.steps.RetailAccountSteps.userClickOnUpdateButton()
 INFO [main] (RetailAccountSteps.java:49)- User information has been updated!
 INFO [main] (RetailAccountSteps.java:50)- New Name: Lionel Bashirian
 INFO [main] (RetailAccountSteps.java:51)- New Phone Number: 1-925-370-8796
  Then user profile information should be updated                        # tek.dragons.cucumber.steps.RetailAccountSteps.userProfileInformationShouldBeUpdated()
]]></system-out>
    <system-err><![CDATA[SLF4J: Failed to load class "org.slf4j.impl.StaticLoggerBinder".
SLF4J: Defaulting to no-operation (NOP) logger implementation
SLF4J: See http://www.slf4j.org/codes.html#StaticLoggerBinder for further details.
ERROR StatusLogger Log4j2 could not find a logging implementation. Please add log4j-core to the classpath. Using SimpleLogger to log to the console...
1686896143032	geckodriver	INFO	Listening on 127.0.0.1:42920
1686896143314	mozrunner::runner	INFO	Running command: "C:\\Program Files\\Mozilla Firefox\\firefox.exe" "--marionette" "--headless" "--remote-debugging-port" "281 ... localhost:28105/,http://[::1]:28105/" "-no-remote" "-profile" "C:\\Users\\mials\\AppData\\Local\\Temp\\rust_mozprofile1s1BE9"
*** You are running in headless mode.
console.warn: services.settings: Ignoring preference override of remote settings server
console.warn: services.settings: Allow by setting MOZ_REMOTE_SETTINGS_DEVTOOLS=1 in the environment
1686896143593	Marionette	INFO	Marionette enabled
Dynamically enable window occlusion 0
1686896143597	Marionette	INFO	Listening on port 56248
WebDriver BiDi listening on ws://127.0.0.1:28105
Read port: 56248
1686896143784	RemoteAgent	WARN	TLS certificate errors will be ignored for this session
[GFX1-]: RenderCompositorSWGL failed mapping default framebuffer, no dt
console.error: ({})
DevTools listening on ws://127.0.0.1:28105/devtools/browser/261ea168-a9ab-49f6-9602-c5ae29142a93
console.warn: LoginRecipes: "Falling back to a synchronous message for: https://tek-retail-ui.azurewebsites.net."
console.warn: LoginRecipes: "Falling back to a synchronous message for: https://tek-retail-ui.azurewebsites.net."
1686896149307	RemoteAgent	INFO	Perform WebSocket upgrade for incoming connection from 127.0.0.1:56308
1686896149310	CDP	WARN	Invalid browser preferences for CDP. Set "fission.webContentIsolationStrategy"to 0 and "fission.bfcacheInParent" to false before Firefox starts.
1686896149345	Marionette	INFO	Stopped listening on port 56248
Dynamically enable window occlusion 1
]]></system-err>
  </testcase>
  <testcase name="Verify User can add a payment method" classname="Retail Account Page" time="7.762">
    <system-out><![CDATA[
@smokez
Scenario: Verify User can add a payment method                           # features/RetailAccount.feature:20
 INFO [main] (HomeSteps.java:24)- User is on homepage
  Given User is on retail website                                        # tek.dragons.cucumber.steps.HomeSteps.userIsOnRetailWebsite()
 INFO [main] (SignInStepDefinitions.java:23)- User clicked on Sign In option
  When User click on Sign in option                                      # tek.dragons.cucumber.steps.SignInStepDefinitions.userClickOnSignInOption()
 INFO [main] (SignInStepDefinitions.java:30)- User entered email and password field
  And User enter email 'hello1234@tekschool.us' and password 'Test1234$' # tek.dragons.cucumber.steps.SignInStepDefinitions.userEnterEmailAndPassword(java.lang.String,java.lang.String)
 INFO [main] (SignInStepDefinitions.java:37)- User clicked on login button
  And User click on login button                                         # tek.dragons.cucumber.steps.SignInStepDefinitions.userClickOnLoginButton()
 INFO [main] (SignInStepDefinitions.java:43)- User is signed into account
  And User should be logged in into Account                              # tek.dragons.cucumber.steps.SignInStepDefinitions.userShouldBeLoggedInIntoAccount()
 INFO [main] (RetailAccountSteps.java:25)- User clicked on account option
  When User click on Account option                                      # tek.dragons.cucumber.steps.RetailAccountSteps.userClickOnAccountOption()
 INFO [main] (RetailAccountSteps.java:57)- User clicked on add payment method link
  And User click on Add a payment method link                            # tek.dragons.cucumber.steps.RetailAccountSteps.userClickOnAddAPaymentMethodLink()
 INFO [main] (RetailAccountSteps.java:73)- User has filled in their debit/credit information
  And User fill Debit or credit card information                         # tek.dragons.cucumber.steps.RetailAccountSteps.userFillDebitOrCreditCardInformation(io.cucumber.datatable.DataTable)
    | cardNumber | nameOnCard | expirationMonth | expirationYear | securityCode |
    | cardNumber | nameCard   | 8               | 2035           | securityCode |
 INFO [main] (RetailAccountSteps.java:79)- User clicked on add your card button
  And User click on Add your card button                                 # tek.dragons.cucumber.steps.RetailAccountSteps.userClickOnAddYourCardButton()
 INFO [main] (RetailAccountSteps.java:86)- User has seccessfully added their payment method
  Then a message should be displayed â€˜Payment Method added successfullyâ€™ # tek.dragons.cucumber.steps.RetailAccountSteps.aMessageShouldBeDisplayedPaymentMethodAddedSuccessfully()
]]></system-out>
    <system-err><![CDATA[1686896150297	geckodriver	INFO	Listening on 127.0.0.1:4391
1686896150365	mozrunner::runner	INFO	Running command: "C:\\Program Files\\Mozilla Firefox\\firefox.exe" "--marionette" "--headless" "--remote-debugging-port" "312 ... localhost:31229/,http://[::1]:31229/" "-no-remote" "-profile" "C:\\Users\\mials\\AppData\\Local\\Temp\\rust_mozprofileEDCIzQ"
*** You are running in headless mode.
console.warn: services.settings: Ignoring preference override of remote settings server
console.warn: services.settings: Allow by setting MOZ_REMOTE_SETTINGS_DEVTOOLS=1 in the environment
1686896150667	Marionette	INFO	Marionette enabled
Dynamically enable window occlusion 0
1686896150671	Marionette	INFO	Listening on port 56313
Read port: 56313
WebDriver BiDi listening on ws://127.0.0.1:31229
1686896150771	RemoteAgent	WARN	TLS certificate errors will be ignored for this session
[GFX1-]: RenderCompositorSWGL failed mapping default framebuffer, no dt
console.error: ({})
DevTools listening on ws://127.0.0.1:31229/devtools/browser/e0af540e-f3c3-41ec-ba95-dbf25acecfc4
console.warn: LoginRecipes: "Falling back to a synchronous message for: https://tek-retail-ui.azurewebsites.net."
console.warn: LoginRecipes: "Falling back to a synchronous message for: https://tek-retail-ui.azurewebsites.net."
1686896157114	RemoteAgent	INFO	Perform WebSocket upgrade for incoming connection from 127.0.0.1:56376
1686896157117	CDP	WARN	Invalid browser preferences for CDP. Set "fission.webContentIsolationStrategy"to 0 and "fission.bfcacheInParent" to false before Firefox starts.
1686896157122	Marionette	INFO	Stopped listening on port 56313
Dynamically enable window occlusion 1
]]></system-err>
  </testcase>
  <testcase name="Verify User can edit Debit or Credit card" classname="Retail Account Page" time="9.028">
    <system-out><![CDATA[
@smokez
Scenario: Verify User can edit Debit or Credit card                        # features/RetailAccount.feature:29
 INFO [main] (HomeSteps.java:24)- User is on homepage
  Given User is on retail website                                          # tek.dragons.cucumber.steps.HomeSteps.userIsOnRetailWebsite()
 INFO [main] (SignInStepDefinitions.java:23)- User clicked on Sign In option
  When User click on Sign in option                                        # tek.dragons.cucumber.steps.SignInStepDefinitions.userClickOnSignInOption()
 INFO [main] (SignInStepDefinitions.java:30)- User entered email and password field
  And User enter email 'hello1234@tekschool.us' and password 'Test1234$'   # tek.dragons.cucumber.steps.SignInStepDefinitions.userEnterEmailAndPassword(java.lang.String,java.lang.String)
 INFO [main] (SignInStepDefinitions.java:37)- User clicked on login button
  And User click on login button                                           # tek.dragons.cucumber.steps.SignInStepDefinitions.userClickOnLoginButton()
 INFO [main] (SignInStepDefinitions.java:43)- User is signed into account
  And User should be logged in into Account                                # tek.dragons.cucumber.steps.SignInStepDefinitions.userShouldBeLoggedInIntoAccount()
 INFO [main] (RetailAccountSteps.java:25)- User clicked on account option
  When User click on Account option                                        # tek.dragons.cucumber.steps.RetailAccountSteps.userClickOnAccountOption()
 INFO [main] (RetailAccountSteps.java:94)- User is on the card edit section
  And User click on Edit option of card section                            # tek.dragons.cucumber.steps.RetailAccountSteps.userClickOnEditOptionOfCardSection()
 INFO [main] (RetailAccountSteps.java:117)- User has successfully edited their debit/credit information
  And user edit information with below data                                # tek.dragons.cucumber.steps.RetailAccountSteps.userEditInformationWithBelowData(io.cucumber.datatable.DataTable)
    | cardNumber | nameOnCard | expirationMonth | expirationYear | securityCode |
    | cardNumber | fullName   | 10              | 2042           | securityCode |
 INFO [main] (RetailAccountSteps.java:123)- User has clicked on update your card button
  And user click on Update Your Card button                                # tek.dragons.cucumber.steps.RetailAccountSteps.userClickOnUpdateYourCardButton()
 INFO [main] (RetailAccountSteps.java:130)- User has successfully updated their card information
  Then a message should be displayed â€˜Payment Method updated Successfullyâ€™ # tek.dragons.cucumber.steps.RetailAccountSteps.aMessageShouldBeDisplayedPaymentMethodUpdatedSuccessfully()
]]></system-out>
    <system-err><![CDATA[1686896158108	geckodriver	INFO	Listening on 127.0.0.1:38287
1686896158145	mozrunner::runner	INFO	Running command: "C:\\Program Files\\Mozilla Firefox\\firefox.exe" "--marionette" "--headless" "--remote-debugging-port" "405 ... localhost:40524/,http://[::1]:40524/" "-no-remote" "-profile" "C:\\Users\\mials\\AppData\\Local\\Temp\\rust_mozprofileOKlIuc"
*** You are running in headless mode.
console.warn: services.settings: Ignoring preference override of remote settings server
console.warn: services.settings: Allow by setting MOZ_REMOTE_SETTINGS_DEVTOOLS=1 in the environment
1686896158440	Marionette	INFO	Marionette enabled
Dynamically enable window occlusion 0
1686896158444	Marionette	INFO	Listening on port 56381
Read port: 56381
WebDriver BiDi listening on ws://127.0.0.1:40524
1686896158541	RemoteAgent	WARN	TLS certificate errors will be ignored for this session
[GFX1-]: RenderCompositorSWGL failed mapping default framebuffer, no dt
console.error: ({})
DevTools listening on ws://127.0.0.1:40524/devtools/browser/d2ed87c8-0d69-434c-b390-07c3350b860b
console.warn: LoginRecipes: "Falling back to a synchronous message for: https://tek-retail-ui.azurewebsites.net."
console.warn: LoginRecipes: "Falling back to a synchronous message for: https://tek-retail-ui.azurewebsites.net."
1686896166133	RemoteAgent	INFO	Perform WebSocket upgrade for incoming connection from 127.0.0.1:56439
1686896166136	CDP	WARN	Invalid browser preferences for CDP. Set "fission.webContentIsolationStrategy"to 0 and "fission.bfcacheInParent" to false before Firefox starts.
1686896166139	Marionette	INFO	Stopped listening on port 56381
Dynamically enable window occlusion 1
]]></system-err>
  </testcase>
  <testcase name="Verify User can remove Debit or Credit card" classname="Retail Account Page" time="6.132">
    <system-out><![CDATA[
@smokez
Scenario: Verify User can remove Debit or Credit card                    # features/RetailAccount.feature:38
 INFO [main] (HomeSteps.java:24)- User is on homepage
  Given User is on retail website                                        # tek.dragons.cucumber.steps.HomeSteps.userIsOnRetailWebsite()
 INFO [main] (SignInStepDefinitions.java:23)- User clicked on Sign In option
  When User click on Sign in option                                      # tek.dragons.cucumber.steps.SignInStepDefinitions.userClickOnSignInOption()
 INFO [main] (SignInStepDefinitions.java:30)- User entered email and password field
  And User enter email 'hello1234@tekschool.us' and password 'Test1234$' # tek.dragons.cucumber.steps.SignInStepDefinitions.userEnterEmailAndPassword(java.lang.String,java.lang.String)
 INFO [main] (SignInStepDefinitions.java:37)- User clicked on login button
  And User click on login button                                         # tek.dragons.cucumber.steps.SignInStepDefinitions.userClickOnLoginButton()
 INFO [main] (SignInStepDefinitions.java:43)- User is signed into account
  And User should be logged in into Account                              # tek.dragons.cucumber.steps.SignInStepDefinitions.userShouldBeLoggedInIntoAccount()
 INFO [main] (RetailAccountSteps.java:25)- User clicked on account option
  When User click on Account option                                      # tek.dragons.cucumber.steps.RetailAccountSteps.userClickOnAccountOption()
 INFO [main] (RetailAccountSteps.java:140)- User clicked on remove card information
  And User click on remove option of card section                        # tek.dragons.cucumber.steps.RetailAccountSteps.userClickOnRemoveOptionOfCardSection()
 INFO [main] (RetailAccountSteps.java:146)- Payement details has been removed successfully
  Then payment details should be removed                                 # tek.dragons.cucumber.steps.RetailAccountSteps.paymentDetailsShouldBeRemoved()
]]></system-out>
    <system-err><![CDATA[1686896167080	geckodriver	INFO	Listening on 127.0.0.1:12633
1686896167159	mozrunner::runner	INFO	Running command: "C:\\Program Files\\Mozilla Firefox\\firefox.exe" "--marionette" "--headless" "--remote-debugging-port" "482 ... localhost:48248/,http://[::1]:48248/" "-no-remote" "-profile" "C:\\Users\\mials\\AppData\\Local\\Temp\\rust_mozprofile4mM68g"
*** You are running in headless mode.
console.warn: services.settings: Ignoring preference override of remote settings server
console.warn: services.settings: Allow by setting MOZ_REMOTE_SETTINGS_DEVTOOLS=1 in the environment
1686896167461	Marionette	INFO	Marionette enabled
Dynamically enable window occlusion 0
1686896167465	Marionette	INFO	Listening on port 56444
Read port: 56444
WebDriver BiDi listening on ws://127.0.0.1:48248
1686896167570	RemoteAgent	WARN	TLS certificate errors will be ignored for this session
[GFX1-]: RenderCompositorSWGL failed mapping default framebuffer, no dt
console.error: ({})
DevTools listening on ws://127.0.0.1:48248/devtools/browser/0483744c-7f81-497d-a282-d1be97ac3447
console.warn: LoginRecipes: "Falling back to a synchronous message for: https://tek-retail-ui.azurewebsites.net."
console.warn: LoginRecipes: "Falling back to a synchronous message for: https://tek-retail-ui.azurewebsites.net."
1686896172212	RemoteAgent	INFO	Perform WebSocket upgrade for incoming connection from 127.0.0.1:56512
1686896172220	CDP	WARN	Invalid browser preferences for CDP. Set "fission.webContentIsolationStrategy"to 0 and "fission.bfcacheInParent" to false before Firefox starts.
1686896172230	Marionette	INFO	Stopped listening on port 56444
Dynamically enable window occlusion 1
]]></system-err>
  </testcase>
  <testcase name="Verify User can add an Address" classname="Retail Account Page" time="7.481">
    <system-out><![CDATA[
@smokez
Scenario: Verify User can add an Address                                 # features/RetailAccount.feature:43
 INFO [main] (HomeSteps.java:24)- User is on homepage
  Given User is on retail website                                        # tek.dragons.cucumber.steps.HomeSteps.userIsOnRetailWebsite()
 INFO [main] (SignInStepDefinitions.java:23)- User clicked on Sign In option
  When User click on Sign in option                                      # tek.dragons.cucumber.steps.SignInStepDefinitions.userClickOnSignInOption()
 INFO [main] (SignInStepDefinitions.java:30)- User entered email and password field
  And User enter email 'hello1234@tekschool.us' and password 'Test1234$' # tek.dragons.cucumber.steps.SignInStepDefinitions.userEnterEmailAndPassword(java.lang.String,java.lang.String)
 INFO [main] (SignInStepDefinitions.java:37)- User clicked on login button
  And User click on login button                                         # tek.dragons.cucumber.steps.SignInStepDefinitions.userClickOnLoginButton()
 INFO [main] (SignInStepDefinitions.java:43)- User is signed into account
  And User should be logged in into Account                              # tek.dragons.cucumber.steps.SignInStepDefinitions.userShouldBeLoggedInIntoAccount()
 INFO [main] (RetailAccountSteps.java:25)- User clicked on account option
  When User click on Account option                                      # tek.dragons.cucumber.steps.RetailAccountSteps.userClickOnAccountOption()
 INFO [main] (RetailAccountSteps.java:153)- User clicked on add address box
  And User click on Add address option                                   # tek.dragons.cucumber.steps.RetailAccountSteps.userClickOnAddAddressOption()
 INFO [main] (RetailAccountSteps.java:178)- User has sucessfully entered information into the address form
  And user fill new address form with below information                  # tek.dragons.cucumber.steps.RetailAccountSteps.userFillNewAddressFormWithBelowInformation(io.cucumber.datatable.DataTable)
    | country       | fullName | phoneNumber | streetAddress | apt | city | state | zipCode |
    | United States | fullName | phone       | streetAddress | apt | city | state | zipCode |
 INFO [main] (RetailAccountSteps.java:184)- User clicked on address button
  And User click Add Your Address button                                 # tek.dragons.cucumber.steps.RetailAccountSteps.userClickAddYourAddressButton()
 INFO [main] (RetailAccountSteps.java:191)- Address has been successfully added
  Then a message should be displayed â€˜Address Added Successfullyâ€™        # tek.dragons.cucumber.steps.RetailAccountSteps.aMessageShouldBeDisplayedAddressAddedSuccessfully()
]]></system-out>
    <system-err><![CDATA[1686896173256	geckodriver	INFO	Listening on 127.0.0.1:31032
1686896173302	mozrunner::runner	INFO	Running command: "C:\\Program Files\\Mozilla Firefox\\firefox.exe" "--marionette" "--headless" "--remote-debugging-port" "289 ... localhost:28931/,http://[::1]:28931/" "-no-remote" "-profile" "C:\\Users\\mials\\AppData\\Local\\Temp\\rust_mozprofilexXNauL"
*** You are running in headless mode.
console.warn: services.settings: Ignoring preference override of remote settings server
console.warn: services.settings: Allow by setting MOZ_REMOTE_SETTINGS_DEVTOOLS=1 in the environment
1686896173612	Marionette	INFO	Marionette enabled
Dynamically enable window occlusion 0
1686896173616	Marionette	INFO	Listening on port 56517
Read port: 56517
WebDriver BiDi listening on ws://127.0.0.1:28931
1686896173716	RemoteAgent	WARN	TLS certificate errors will be ignored for this session
[GFX1-]: RenderCompositorSWGL failed mapping default framebuffer, no dt
console.error: ({})
DevTools listening on ws://127.0.0.1:28931/devtools/browser/df717a06-c0b5-4365-b44a-9338a449e9a8
console.warn: LoginRecipes: "Falling back to a synchronous message for: https://tek-retail-ui.azurewebsites.net."
console.warn: LoginRecipes: "Falling back to a synchronous message for: https://tek-retail-ui.azurewebsites.net."
1686896179670	RemoteAgent	INFO	Perform WebSocket upgrade for incoming connection from 127.0.0.1:56574
1686896179673	CDP	WARN	Invalid browser preferences for CDP. Set "fission.webContentIsolationStrategy"to 0 and "fission.bfcacheInParent" to false before Firefox starts.
1686896179677	Marionette	INFO	Stopped listening on port 56517
Dynamically enable window occlusion 1
]]></system-err>
  </testcase>
  <testcase name="Verify User can edit an Address added on account" classname="Retail Account Page" time="7.415">
    <system-out><![CDATA[
@smokez
Scenario: Verify User can edit an Address added on account               # features/RetailAccount.feature:52
 INFO [main] (HomeSteps.java:24)- User is on homepage
  Given User is on retail website                                        # tek.dragons.cucumber.steps.HomeSteps.userIsOnRetailWebsite()
 INFO [main] (SignInStepDefinitions.java:23)- User clicked on Sign In option
  When User click on Sign in option                                      # tek.dragons.cucumber.steps.SignInStepDefinitions.userClickOnSignInOption()
 INFO [main] (SignInStepDefinitions.java:30)- User entered email and password field
  And User enter email 'hello1234@tekschool.us' and password 'Test1234$' # tek.dragons.cucumber.steps.SignInStepDefinitions.userEnterEmailAndPassword(java.lang.String,java.lang.String)
 INFO [main] (SignInStepDefinitions.java:37)- User clicked on login button
  And User click on login button                                         # tek.dragons.cucumber.steps.SignInStepDefinitions.userClickOnLoginButton()
 INFO [main] (SignInStepDefinitions.java:43)- User is signed into account
  And User should be logged in into Account                              # tek.dragons.cucumber.steps.SignInStepDefinitions.userShouldBeLoggedInIntoAccount()
 INFO [main] (RetailAccountSteps.java:25)- User clicked on account option
  When User click on Account option                                      # tek.dragons.cucumber.steps.RetailAccountSteps.userClickOnAccountOption()
 INFO [main] (RetailAccountSteps.java:197)- User clicked on edit address button
  And User click on edit address option                                  # tek.dragons.cucumber.steps.RetailAccountSteps.userClickOnEditAddressOption()
 INFO [main] (RetailAccountSteps.java:214)- User changed their address information
  And user fill new address form with new information                    # tek.dragons.cucumber.steps.RetailAccountSteps.userFillNewAddressFormWithNewInformation(io.cucumber.datatable.DataTable)
    | country       | fullName | phoneNumber | streetAddress | apt | city | state | zipCode |
    | United States | fullName | phone       | streetAddress | apt | city | state | zipCode |
 INFO [main] (RetailAccountSteps.java:220)- User clicked on the update address button
  And User click update Your Address button                              # tek.dragons.cucumber.steps.RetailAccountSteps.userClickUpdateYourAddressButton()
 INFO [main] (RetailAccountSteps.java:227)- User has successfully updated their address information
  Then a message should be displayed â€˜Address Updated Successfullyâ€™      # tek.dragons.cucumber.steps.RetailAccountSteps.aMessageShouldBeDisplayedAddressUpdatedSuccessfully()
]]></system-out>
    <system-err><![CDATA[1686896180697	geckodriver	INFO	Listening on 127.0.0.1:47723
1686896180752	mozrunner::runner	INFO	Running command: "C:\\Program Files\\Mozilla Firefox\\firefox.exe" "--marionette" "--headless" "--remote-debugging-port" "824 ... //localhost:8245/,http://[::1]:8245/" "-no-remote" "-profile" "C:\\Users\\mials\\AppData\\Local\\Temp\\rust_mozprofiley3QVCP"
*** You are running in headless mode.
console.warn: services.settings: Ignoring preference override of remote settings server
console.warn: services.settings: Allow by setting MOZ_REMOTE_SETTINGS_DEVTOOLS=1 in the environment
1686896181056	Marionette	INFO	Marionette enabled
Dynamically enable window occlusion 0
1686896181061	Marionette	INFO	Listening on port 56579
Read port: 56579
WebDriver BiDi listening on ws://127.0.0.1:8245
1686896181157	RemoteAgent	WARN	TLS certificate errors will be ignored for this session
[GFX1-]: RenderCompositorSWGL failed mapping default framebuffer, no dt
console.error: ({})
DevTools listening on ws://127.0.0.1:8245/devtools/browser/5a604cc4-f298-4706-b8a5-428755c0b225
console.warn: LoginRecipes: "Falling back to a synchronous message for: https://tek-retail-ui.azurewebsites.net."
console.warn: LoginRecipes: "Falling back to a synchronous message for: https://tek-retail-ui.azurewebsites.net."
1686896187070	RemoteAgent	INFO	Perform WebSocket upgrade for incoming connection from 127.0.0.1:56635
1686896187073	CDP	WARN	Invalid browser preferences for CDP. Set "fission.webContentIsolationStrategy"to 0 and "fission.bfcacheInParent" to false before Firefox starts.
1686896187076	Marionette	INFO	Stopped listening on port 56579
Dynamically enable window occlusion 1
]]></system-err>
  </testcase>
  <testcase name="Verify User can remove Address from Account" classname="Retail Account Page" time="6.211">
    <system-out><![CDATA[
@smokez
Scenario: Verify User can remove Address from Account                    # features/RetailAccount.feature:61
 INFO [main] (HomeSteps.java:24)- User is on homepage
  Given User is on retail website                                        # tek.dragons.cucumber.steps.HomeSteps.userIsOnRetailWebsite()
 INFO [main] (SignInStepDefinitions.java:23)- User clicked on Sign In option
  When User click on Sign in option                                      # tek.dragons.cucumber.steps.SignInStepDefinitions.userClickOnSignInOption()
 INFO [main] (SignInStepDefinitions.java:30)- User entered email and password field
  And User enter email 'hello1234@tekschool.us' and password 'Test1234$' # tek.dragons.cucumber.steps.SignInStepDefinitions.userEnterEmailAndPassword(java.lang.String,java.lang.String)
 INFO [main] (SignInStepDefinitions.java:37)- User clicked on login button
  And User click on login button                                         # tek.dragons.cucumber.steps.SignInStepDefinitions.userClickOnLoginButton()
 INFO [main] (SignInStepDefinitions.java:43)- User is signed into account
  And User should be logged in into Account                              # tek.dragons.cucumber.steps.SignInStepDefinitions.userShouldBeLoggedInIntoAccount()
 INFO [main] (RetailAccountSteps.java:25)- User clicked on account option
  When User click on Account option                                      # tek.dragons.cucumber.steps.RetailAccountSteps.userClickOnAccountOption()
 INFO [main] (RetailAccountSteps.java:237)- The number of address on file before removal is: 3
 INFO [main] (RetailAccountSteps.java:241)- User clicked on remove address button
  And User click on remove option of Address section                     # tek.dragons.cucumber.steps.RetailAccountSteps.userClickOnRemoveOptionOfAddressSection()
 INFO [main] (RetailAccountSteps.java:247)- Address details has been removed successfully.
  Then Address details should be removed                                 # tek.dragons.cucumber.steps.RetailAccountSteps.addressDetailsShouldBeRemoved()
]]></system-out>
    <system-err><![CDATA[1686896188120	geckodriver	INFO	Listening on 127.0.0.1:32442
1686896188166	mozrunner::runner	INFO	Running command: "C:\\Program Files\\Mozilla Firefox\\firefox.exe" "--marionette" "--headless" "--remote-debugging-port" "435 ... localhost:43545/,http://[::1]:43545/" "-no-remote" "-profile" "C:\\Users\\mials\\AppData\\Local\\Temp\\rust_mozprofilenGeMPO"
*** You are running in headless mode.
console.warn: services.settings: Ignoring preference override of remote settings server
console.warn: services.settings: Allow by setting MOZ_REMOTE_SETTINGS_DEVTOOLS=1 in the environment
1686896188456	Marionette	INFO	Marionette enabled
Dynamically enable window occlusion 0
1686896188461	Marionette	INFO	Listening on port 56640
Read port: 56640
WebDriver BiDi listening on ws://127.0.0.1:43545
1686896188559	RemoteAgent	WARN	TLS certificate errors will be ignored for this session
[GFX1-]: RenderCompositorSWGL failed mapping default framebuffer, no dt
console.error: ({})
DevTools listening on ws://127.0.0.1:43545/devtools/browser/3890a24e-6954-4390-950d-8ce514ab853d
console.warn: LoginRecipes: "Falling back to a synchronous message for: https://tek-retail-ui.azurewebsites.net."
console.warn: LoginRecipes: "Falling back to a synchronous message for: https://tek-retail-ui.azurewebsites.net."
1686896193400	RemoteAgent	INFO	Perform WebSocket upgrade for incoming connection from 127.0.0.1:56701
1686896193402	CDP	WARN	Invalid browser preferences for CDP. Set "fission.webContentIsolationStrategy"to 0 and "fission.bfcacheInParent" to false before Firefox starts.
1686896193405	Marionette	INFO	Stopped listening on port 56640
Dynamically enable window occlusion 1
]]></system-err>
  </testcase>
</testsuite>